<?xml version="1.0" encoding="UTF-8"?>
<coverage generated="1520962688">
  <project timestamp="1520962688">
    <package name="Curve\Application\Controller">
      <file name="/Users/sorin/workspace/curve/src/Curve/Application/Controller/DefaultController.php">
        <class name="DefaultController" namespace="Curve\Application\Controller">
          <metrics complexity="18" methods="10" coveredmethods="0" conditionals="0" coveredconditionals="0" statements="107" coveredstatements="0" elements="117" coveredelements="0"/>
        </class>
        <line num="13" type="method" name="__construct" visibility="public" complexity="1" crap="2" count="0"/>
        <line num="15" type="stmt" count="0"/>
        <line num="16" type="stmt" count="0"/>
        <line num="18" type="method" name="emit" visibility="public" complexity="1" crap="2" count="0"/>
        <line num="20" type="stmt" count="0"/>
        <line num="22" type="stmt" count="0"/>
        <line num="25" type="method" name="lock" visibility="public" complexity="2" crap="6" count="0"/>
        <line num="27" type="stmt" count="0"/>
        <line num="30" type="stmt" count="0"/>
        <line num="32" type="stmt" count="0"/>
        <line num="33" type="stmt" count="0"/>
        <line num="34" type="stmt" count="0"/>
        <line num="36" type="stmt" count="0"/>
        <line num="37" type="stmt" count="0"/>
        <line num="39" type="stmt" count="0"/>
        <line num="44" type="method" name="unlock" visibility="public" complexity="2" crap="6" count="0"/>
        <line num="46" type="stmt" count="0"/>
        <line num="49" type="stmt" count="0"/>
        <line num="51" type="stmt" count="0"/>
        <line num="52" type="stmt" count="0"/>
        <line num="53" type="stmt" count="0"/>
        <line num="55" type="stmt" count="0"/>
        <line num="56" type="stmt" count="0"/>
        <line num="58" type="stmt" count="0"/>
        <line num="63" type="method" name="deposit" visibility="public" complexity="2" crap="6" count="0"/>
        <line num="65" type="stmt" count="0"/>
        <line num="66" type="stmt" count="0"/>
        <line num="69" type="stmt" count="0"/>
        <line num="71" type="stmt" count="0"/>
        <line num="72" type="stmt" count="0"/>
        <line num="73" type="stmt" count="0"/>
        <line num="75" type="stmt" count="0"/>
        <line num="76" type="stmt" count="0"/>
        <line num="78" type="stmt" count="0"/>
        <line num="83" type="method" name="displayBalance" visibility="public" complexity="2" crap="6" count="0"/>
        <line num="85" type="stmt" count="0"/>
        <line num="88" type="stmt" count="0"/>
        <line num="90" type="stmt" count="0"/>
        <line num="91" type="stmt" count="0"/>
        <line num="92" type="stmt" count="0"/>
        <line num="93" type="stmt" count="0"/>
        <line num="94" type="stmt" count="0"/>
        <line num="95" type="stmt" count="0"/>
        <line num="96" type="stmt" count="0"/>
        <line num="98" type="stmt" count="0"/>
        <line num="99" type="stmt" count="0"/>
        <line num="101" type="stmt" count="0"/>
        <line num="106" type="method" name="authorize" visibility="public" complexity="2" crap="6" count="0"/>
        <line num="108" type="stmt" count="0"/>
        <line num="109" type="stmt" count="0"/>
        <line num="110" type="stmt" count="0"/>
        <line num="111" type="stmt" count="0"/>
        <line num="113" type="stmt" count="0"/>
        <line num="115" type="stmt" count="0"/>
        <line num="117" type="stmt" count="0"/>
        <line num="118" type="stmt" count="0"/>
        <line num="119" type="stmt" count="0"/>
        <line num="120" type="stmt" count="0"/>
        <line num="122" type="stmt" count="0"/>
        <line num="124" type="stmt" count="0"/>
        <line num="125" type="stmt" count="0"/>
        <line num="127" type="stmt" count="0"/>
        <line num="128" type="stmt" count="0"/>
        <line num="129" type="stmt" count="0"/>
        <line num="130" type="stmt" count="0"/>
        <line num="132" type="stmt" count="0"/>
        <line num="137" type="method" name="capture" visibility="public" complexity="2" crap="6" count="0"/>
        <line num="139" type="stmt" count="0"/>
        <line num="140" type="stmt" count="0"/>
        <line num="141" type="stmt" count="0"/>
        <line num="144" type="stmt" count="0"/>
        <line num="146" type="stmt" count="0"/>
        <line num="148" type="stmt" count="0"/>
        <line num="149" type="stmt" count="0"/>
        <line num="150" type="stmt" count="0"/>
        <line num="152" type="stmt" count="0"/>
        <line num="154" type="stmt" count="0"/>
        <line num="155" type="stmt" count="0"/>
        <line num="157" type="stmt" count="0"/>
        <line num="158" type="stmt" count="0"/>
        <line num="159" type="stmt" count="0"/>
        <line num="160" type="stmt" count="0"/>
        <line num="162" type="stmt" count="0"/>
        <line num="167" type="method" name="reverse" visibility="public" complexity="2" crap="6" count="0"/>
        <line num="169" type="stmt" count="0"/>
        <line num="170" type="stmt" count="0"/>
        <line num="171" type="stmt" count="0"/>
        <line num="174" type="stmt" count="0"/>
        <line num="176" type="stmt" count="0"/>
        <line num="178" type="stmt" count="0"/>
        <line num="179" type="stmt" count="0"/>
        <line num="180" type="stmt" count="0"/>
        <line num="182" type="stmt" count="0"/>
        <line num="184" type="stmt" count="0"/>
        <line num="185" type="stmt" count="0"/>
        <line num="187" type="stmt" count="0"/>
        <line num="188" type="stmt" count="0"/>
        <line num="189" type="stmt" count="0"/>
        <line num="190" type="stmt" count="0"/>
        <line num="192" type="stmt" count="0"/>
        <line num="197" type="method" name="refund" visibility="public" complexity="2" crap="6" count="0"/>
        <line num="199" type="stmt" count="0"/>
        <line num="200" type="stmt" count="0"/>
        <line num="201" type="stmt" count="0"/>
        <line num="204" type="stmt" count="0"/>
        <line num="206" type="stmt" count="0"/>
        <line num="208" type="stmt" count="0"/>
        <line num="209" type="stmt" count="0"/>
        <line num="210" type="stmt" count="0"/>
        <line num="212" type="stmt" count="0"/>
        <line num="214" type="stmt" count="0"/>
        <line num="215" type="stmt" count="0"/>
        <line num="217" type="stmt" count="0"/>
        <line num="218" type="stmt" count="0"/>
        <line num="219" type="stmt" count="0"/>
        <line num="220" type="stmt" count="0"/>
        <line num="222" type="stmt" count="0"/>
        <metrics loc="226" ncloc="226" classes="1" methods="10" coveredmethods="0" conditionals="0" coveredconditionals="0" statements="107" coveredstatements="0" elements="117" coveredelements="0"/>
      </file>
    </package>
    <package name="Curve\Application\Repository\Redis">
      <file name="/Users/sorin/workspace/curve/src/Curve/Application/Repository/Redis/RedisRepository.php">
        <class name="RedisRepository" namespace="Curve\Application\Repository\Redis">
          <metrics complexity="3" methods="3" coveredmethods="0" conditionals="0" coveredconditionals="0" statements="10" coveredstatements="0" elements="13" coveredelements="0"/>
        </class>
        <line num="14" type="method" name="__construct" visibility="public" complexity="1" crap="2" count="0"/>
        <line num="16" type="stmt" count="0"/>
        <line num="17" type="stmt" count="0"/>
        <line num="19" type="method" name="save" visibility="public" complexity="1" crap="2" count="0"/>
        <line num="21" type="stmt" count="0"/>
        <line num="22" type="stmt" count="0"/>
        <line num="23" type="stmt" count="0"/>
        <line num="24" type="stmt" count="0"/>
        <line num="26" type="stmt" count="0"/>
        <line num="28" type="method" name="getByCardNumber" visibility="public" complexity="1" crap="2" count="0"/>
        <line num="30" type="stmt" count="0"/>
        <line num="31" type="stmt" count="0"/>
        <line num="33" type="stmt" count="0"/>
        <metrics loc="35" ncloc="35" classes="1" methods="3" coveredmethods="0" conditionals="0" coveredconditionals="0" statements="10" coveredstatements="0" elements="13" coveredelements="0"/>
      </file>
    </package>
    <package name="Curve\Domain\Entity">
      <file name="/Users/sorin/workspace/curve/src/Curve/Domain/Entity/PrepaidCard.php">
        <class name="PrepaidCard" namespace="Curve\Domain\Entity">
          <metrics complexity="19" methods="12" coveredmethods="12" conditionals="0" coveredconditionals="0" statements="50" coveredstatements="50" elements="62" coveredelements="62"/>
        </class>
        <line num="37" type="method" name="__construct" visibility="private" complexity="1" crap="1" count="25"/>
        <line num="39" type="stmt" count="25"/>
        <line num="40" type="stmt" count="25"/>
        <line num="41" type="stmt" count="25"/>
        <line num="42" type="stmt" count="25"/>
        <line num="43" type="stmt" count="25"/>
        <line num="44" type="stmt" count="25"/>
        <line num="45" type="stmt" count="25"/>
        <line num="51" type="method" name="emit" visibility="public" complexity="1" crap="1" count="25"/>
        <line num="53" type="stmt" count="25"/>
        <line num="56" type="method" name="lock" visibility="public" complexity="2" crap="2" count="5"/>
        <line num="58" type="stmt" count="5"/>
        <line num="59" type="stmt" count="1"/>
        <line num="62" type="stmt" count="5"/>
        <line num="63" type="stmt" count="5"/>
        <line num="65" type="method" name="unlock" visibility="public" complexity="2" crap="2" count="2"/>
        <line num="67" type="stmt" count="2"/>
        <line num="68" type="stmt" count="1"/>
        <line num="71" type="stmt" count="1"/>
        <line num="72" type="stmt" count="1"/>
        <line num="77" type="method" name="load" visibility="public" complexity="2" crap="2" count="18"/>
        <line num="79" type="stmt" count="18"/>
        <line num="80" type="stmt" count="1"/>
        <line num="83" type="stmt" count="17"/>
        <line num="84" type="stmt" count="17"/>
        <line num="85" type="stmt" count="17"/>
        <line num="93" type="method" name="autorizationRequest" visibility="public" complexity="3" crap="3" count="14"/>
        <line num="95" type="stmt" count="14"/>
        <line num="96" type="stmt" count="1"/>
        <line num="99" type="stmt" count="13"/>
        <line num="100" type="stmt" count="13"/>
        <line num="101" type="stmt" count="1"/>
        <line num="102" type="stmt" count="1"/>
        <line num="105" type="stmt" count="12"/>
        <line num="106" type="stmt" count="12"/>
        <line num="107" type="stmt" count="12"/>
        <line num="109" type="stmt" count="12"/>
        <line num="116" type="method" name="capture" visibility="public" complexity="1" crap="1" count="8"/>
        <line num="118" type="stmt" count="8"/>
        <line num="119" type="stmt" count="8"/>
        <line num="120" type="stmt" count="8"/>
        <line num="126" type="method" name="reverse" visibility="public" complexity="3" crap="3" count="5"/>
        <line num="128" type="stmt" count="5"/>
        <line num="129" type="stmt" count="1"/>
        <line num="132" type="stmt" count="4"/>
        <line num="133" type="stmt" count="4"/>
        <line num="134" type="stmt" count="1"/>
        <line num="136" type="stmt" count="3"/>
        <line num="137" type="stmt" count="2"/>
        <line num="138" type="stmt" count="2"/>
        <line num="144" type="method" name="refund" visibility="public" complexity="1" crap="1" count="3"/>
        <line num="147" type="stmt" count="3"/>
        <line num="148" type="stmt" count="3"/>
        <line num="149" type="stmt" count="3"/>
        <line num="150" type="stmt" count="3"/>
        <line num="151" type="stmt" count="3"/>
        <line num="156" type="method" name="balance" visibility="public" complexity="1" crap="1" count="7"/>
        <line num="158" type="stmt" count="7"/>
        <line num="164" type="method" name="availableBalance" visibility="public" complexity="1" crap="1" count="4"/>
        <line num="166" type="stmt" count="4"/>
        <line num="169" type="method" name="getNumber" visibility="public" complexity="1" crap="1" count="7"/>
        <line num="171" type="stmt" count="7"/>
        <metrics loc="173" ncloc="131" classes="1" methods="12" coveredmethods="12" conditionals="0" coveredconditionals="0" statements="50" coveredstatements="50" elements="62" coveredelements="62"/>
      </file>
      <file name="/Users/sorin/workspace/curve/src/Curve/Domain/Entity/Transaction.php">
        <class name="Transaction" namespace="Curve\Domain\Entity">
          <metrics complexity="13" methods="9" coveredmethods="9" conditionals="0" coveredconditionals="0" statements="28" coveredstatements="28" elements="37" coveredelements="37"/>
        </class>
        <line num="38" type="method" name="__construct" visibility="public" complexity="1" crap="1" count="14"/>
        <line num="40" type="stmt" count="14"/>
        <line num="41" type="stmt" count="14"/>
        <line num="42" type="stmt" count="14"/>
        <line num="43" type="stmt" count="14"/>
        <line num="44" type="stmt" count="14"/>
        <line num="45" type="stmt" count="14"/>
        <line num="46" type="stmt" count="14"/>
        <line num="51" type="method" name="amount" visibility="public" complexity="1" crap="1" count="13"/>
        <line num="53" type="stmt" count="13"/>
        <line num="59" type="method" name="capture" visibility="public" complexity="3" crap="3" count="8"/>
        <line num="61" type="stmt" count="8"/>
        <line num="62" type="stmt" count="1"/>
        <line num="65" type="stmt" count="8"/>
        <line num="67" type="stmt" count="8"/>
        <line num="68" type="stmt" count="7"/>
        <line num="70" type="stmt" count="8"/>
        <line num="75" type="method" name="reverse" visibility="public" complexity="2" crap="2" count="3"/>
        <line num="77" type="stmt" count="3"/>
        <line num="78" type="stmt" count="1"/>
        <line num="81" type="stmt" count="2"/>
        <line num="82" type="stmt" count="2"/>
        <line num="87" type="method" name="refund" visibility="public" complexity="2" crap="2" count="3"/>
        <line num="89" type="stmt" count="3"/>
        <line num="90" type="stmt" count="1"/>
        <line num="93" type="stmt" count="3"/>
        <line num="94" type="stmt" count="3"/>
        <line num="96" type="method" name="authorize" visibility="public" complexity="1" crap="1" count="12"/>
        <line num="98" type="stmt" count="12"/>
        <line num="99" type="stmt" count="12"/>
        <line num="101" type="method" name="decline" visibility="public" complexity="1" crap="1" count="1"/>
        <line num="103" type="stmt" count="1"/>
        <line num="104" type="stmt" count="1"/>
        <line num="106" type="method" name="isCaptured" visibility="public" complexity="1" crap="1" count="4"/>
        <line num="108" type="stmt" count="4"/>
        <line num="114" type="method" name="getId" visibility="public" complexity="1" crap="1" count="13"/>
        <line num="116" type="stmt" count="13"/>
        <metrics loc="118" ncloc="91" classes="1" methods="9" coveredmethods="9" conditionals="0" coveredconditionals="0" statements="28" coveredstatements="28" elements="37" coveredelements="37"/>
      </file>
    </package>
    <package name="Curve\Domain\Exception">
      <file name="/Users/sorin/workspace/curve/src/Curve/Domain/Exception/CardLockedException.php">
        <class name="CardLockedException" namespace="Curve\Domain\Exception">
          <metrics complexity="1" methods="1" coveredmethods="1" conditionals="0" coveredconditionals="0" statements="2" coveredstatements="2" elements="3" coveredelements="3"/>
        </class>
        <line num="11" type="method" name="__construct" visibility="public" complexity="1" crap="1" count="4"/>
        <line num="13" type="stmt" count="4"/>
        <line num="14" type="stmt" count="4"/>
        <metrics loc="15" ncloc="15" classes="1" methods="1" coveredmethods="1" conditionals="0" coveredconditionals="0" statements="2" coveredstatements="2" elements="3" coveredelements="3"/>
      </file>
      <file name="/Users/sorin/workspace/curve/src/Curve/Domain/Exception/InsufficientFundsException.php">
        <class name="InsufficientFundsException" namespace="Curve\Domain\Exception">
          <metrics complexity="1" methods="1" coveredmethods="1" conditionals="0" coveredconditionals="0" statements="2" coveredstatements="2" elements="3" coveredelements="3"/>
        </class>
        <line num="11" type="method" name="__construct" visibility="public" complexity="1" crap="1" count="2"/>
        <line num="13" type="stmt" count="2"/>
        <line num="14" type="stmt" count="2"/>
        <metrics loc="15" ncloc="15" classes="1" methods="1" coveredmethods="1" conditionals="0" coveredconditionals="0" statements="2" coveredstatements="2" elements="3" coveredelements="3"/>
      </file>
      <file name="/Users/sorin/workspace/curve/src/Curve/Domain/Exception/NegativeFundsException.php">
        <class name="NegativeFundsException" namespace="Curve\Domain\Exception">
          <metrics complexity="1" methods="1" coveredmethods="1" conditionals="0" coveredconditionals="0" statements="2" coveredstatements="2" elements="3" coveredelements="3"/>
        </class>
        <line num="11" type="method" name="__construct" visibility="public" complexity="1" crap="1" count="1"/>
        <line num="13" type="stmt" count="1"/>
        <line num="14" type="stmt" count="1"/>
        <metrics loc="15" ncloc="15" classes="1" methods="1" coveredmethods="1" conditionals="0" coveredconditionals="0" statements="2" coveredstatements="2" elements="3" coveredelements="3"/>
      </file>
      <file name="/Users/sorin/workspace/curve/src/Curve/Domain/Exception/TransactionException.php">
        <class name="TransactionException" namespace="Curve\Domain\Exception">
          <metrics complexity="1" methods="1" coveredmethods="1" conditionals="0" coveredconditionals="0" statements="2" coveredstatements="2" elements="3" coveredelements="3"/>
        </class>
        <line num="11" type="method" name="__construct" visibility="public" complexity="1" crap="1" count="4"/>
        <line num="13" type="stmt" count="4"/>
        <line num="14" type="stmt" count="4"/>
        <metrics loc="15" ncloc="15" classes="1" methods="1" coveredmethods="1" conditionals="0" coveredconditionals="0" statements="2" coveredstatements="2" elements="3" coveredelements="3"/>
      </file>
    </package>
    <file name="/Users/sorin/workspace/curve/src/Curve/Domain/Repository/PrepaidCardRepository.php">
      <metrics loc="13" ncloc="13" classes="0" methods="0" coveredmethods="0" conditionals="0" coveredconditionals="0" statements="0" coveredstatements="0" elements="0" coveredelements="0"/>
    </file>
    <package name="Curve\Domain\Service">
      <file name="/Users/sorin/workspace/curve/src/Curve/Domain/Service/PrepaidCardService.php">
        <class name="PrepaidCardService" namespace="Curve\Domain\Service">
          <metrics complexity="10" methods="10" coveredmethods="10" conditionals="0" coveredconditionals="0" statements="50" coveredstatements="50" elements="60" coveredelements="60"/>
        </class>
        <line num="21" type="method" name="__construct" visibility="public" complexity="1" crap="1" count="9"/>
        <line num="23" type="stmt" count="9"/>
        <line num="24" type="stmt" count="9"/>
        <line num="30" type="method" name="emitCard" visibility="public" complexity="1" crap="1" count="1"/>
        <line num="32" type="stmt" count="1"/>
        <line num="33" type="stmt" count="1"/>
        <line num="35" type="stmt" count="1"/>
        <line num="41" type="method" name="lockCard" visibility="public" complexity="1" crap="1" count="1"/>
        <line num="43" type="stmt" count="1"/>
        <line num="46" type="stmt" count="1"/>
        <line num="47" type="stmt" count="1"/>
        <line num="49" type="stmt" count="1"/>
        <line num="50" type="stmt" count="1"/>
        <line num="55" type="method" name="unlockCard" visibility="public" complexity="1" crap="1" count="1"/>
        <line num="57" type="stmt" count="1"/>
        <line num="60" type="stmt" count="1"/>
        <line num="61" type="stmt" count="1"/>
        <line num="63" type="stmt" count="1"/>
        <line num="64" type="stmt" count="1"/>
        <line num="70" type="method" name="displayBalance" visibility="public" complexity="1" crap="1" count="1"/>
        <line num="72" type="stmt" count="1"/>
        <line num="74" type="stmt" count="1"/>
        <line num="76" type="stmt" count="1"/>
        <line num="83" type="method" name="makeDeposit" visibility="public" complexity="1" crap="1" count="5"/>
        <line num="85" type="stmt" count="5"/>
        <line num="87" type="stmt" count="5"/>
        <line num="90" type="stmt" count="5"/>
        <line num="91" type="stmt" count="5"/>
        <line num="93" type="stmt" count="5"/>
        <line num="94" type="stmt" count="5"/>
        <line num="103" type="method" name="makeAuthorizationRequest" visibility="public" complexity="1" crap="1" count="4"/>
        <line num="105" type="stmt" count="4"/>
        <line num="108" type="stmt" count="4"/>
        <line num="109" type="stmt" count="4"/>
        <line num="110" type="stmt" count="4"/>
        <line num="111" type="stmt" count="4"/>
        <line num="112" type="stmt" count="4"/>
        <line num="115" type="stmt" count="4"/>
        <line num="117" type="stmt" count="4"/>
        <line num="125" type="method" name="makeCapture" visibility="public" complexity="1" crap="1" count="2"/>
        <line num="127" type="stmt" count="2"/>
        <line num="129" type="stmt" count="2"/>
        <line num="132" type="stmt" count="2"/>
        <line num="133" type="stmt" count="2"/>
        <line num="135" type="stmt" count="2"/>
        <line num="136" type="stmt" count="2"/>
        <line num="143" type="method" name="makeReverse" visibility="public" complexity="1" crap="1" count="1"/>
        <line num="145" type="stmt" count="1"/>
        <line num="147" type="stmt" count="1"/>
        <line num="150" type="stmt" count="1"/>
        <line num="151" type="stmt" count="1"/>
        <line num="153" type="stmt" count="1"/>
        <line num="154" type="stmt" count="1"/>
        <line num="161" type="method" name="makeRefund" visibility="public" complexity="1" crap="1" count="1"/>
        <line num="163" type="stmt" count="1"/>
        <line num="165" type="stmt" count="1"/>
        <line num="168" type="stmt" count="1"/>
        <line num="169" type="stmt" count="1"/>
        <line num="171" type="stmt" count="1"/>
        <line num="172" type="stmt" count="1"/>
        <metrics loc="173" ncloc="122" classes="1" methods="10" coveredmethods="10" conditionals="0" coveredconditionals="0" statements="50" coveredstatements="50" elements="60" coveredelements="60"/>
      </file>
    </package>
    <package name="Curve\Domain\ValueObject">
      <file name="/Users/sorin/workspace/curve/src/Curve/Domain/ValueObject/CardNumber.php">
        <class name="CardNumber" namespace="Curve\Domain\ValueObject">
          <metrics complexity="4" methods="4" coveredmethods="4" conditionals="0" coveredconditionals="0" statements="5" coveredstatements="5" elements="9" coveredelements="9"/>
        </class>
        <line num="10" type="method" name="__construct" visibility="private" complexity="1" crap="1" count="28"/>
        <line num="12" type="stmt" count="28"/>
        <line num="13" type="stmt" count="28"/>
        <line num="18" type="method" name="getNumber" visibility="public" complexity="1" crap="1" count="8"/>
        <line num="20" type="stmt" count="8"/>
        <line num="26" type="method" name="generate" visibility="public" complexity="1" crap="1" count="25"/>
        <line num="28" type="stmt" count="25"/>
        <line num="35" type="method" name="fromInt" visibility="public" complexity="1" crap="1" count="9"/>
        <line num="37" type="stmt" count="9"/>
        <metrics loc="39" ncloc="28" classes="1" methods="4" coveredmethods="4" conditionals="0" coveredconditionals="0" statements="5" coveredstatements="5" elements="9" coveredelements="9"/>
      </file>
      <file name="/Users/sorin/workspace/curve/src/Curve/Domain/ValueObject/CardStatus.php">
        <class name="CardStatus" namespace="Curve\Domain\ValueObject">
          <metrics complexity="5" methods="5" coveredmethods="5" conditionals="0" coveredconditionals="0" statements="6" coveredstatements="6" elements="11" coveredelements="11"/>
        </class>
        <line num="17" type="method" name="__construct" visibility="private" complexity="1" crap="1" count="25"/>
        <line num="19" type="stmt" count="25"/>
        <line num="20" type="stmt" count="25"/>
        <line num="25" type="method" name="active" visibility="public" complexity="1" crap="1" count="25"/>
        <line num="27" type="stmt" count="25"/>
        <line num="33" type="method" name="locked" visibility="public" complexity="1" crap="1" count="5"/>
        <line num="35" type="stmt" count="5"/>
        <line num="41" type="method" name="isLocked" visibility="public" complexity="1" crap="1" count="20"/>
        <line num="43" type="stmt" count="20"/>
        <line num="49" type="method" name="isActive" visibility="public" complexity="1" crap="1" count="2"/>
        <line num="51" type="stmt" count="2"/>
        <metrics loc="53" ncloc="36" classes="1" methods="5" coveredmethods="5" conditionals="0" coveredconditionals="0" statements="6" coveredstatements="6" elements="11" coveredelements="11"/>
      </file>
      <file name="/Users/sorin/workspace/curve/src/Curve/Domain/ValueObject/Currency.php">
        <class name="Currency" namespace="Curve\Domain\ValueObject">
          <metrics complexity="3" methods="3" coveredmethods="3" conditionals="0" coveredconditionals="0" statements="4" coveredstatements="4" elements="7" coveredelements="7"/>
        </class>
        <line num="9" type="method" name="__construct" visibility="public" complexity="1" crap="1" count="31"/>
        <line num="11" type="stmt" count="31"/>
        <line num="12" type="stmt" count="31"/>
        <line num="14" type="method" name="isNot" visibility="public" complexity="1" crap="1" count="22"/>
        <line num="16" type="stmt" count="22"/>
        <line num="19" type="method" name="is" visibility="public" complexity="1" crap="1" count="22"/>
        <line num="21" type="stmt" count="22"/>
        <metrics loc="23" ncloc="23" classes="1" methods="3" coveredmethods="3" conditionals="0" coveredconditionals="0" statements="4" coveredstatements="4" elements="7" coveredelements="7"/>
      </file>
      <file name="/Users/sorin/workspace/curve/src/Curve/Domain/ValueObject/Money.php">
        <class name="Money" namespace="Curve\Domain\ValueObject">
          <metrics complexity="14" methods="10" coveredmethods="10" conditionals="0" coveredconditionals="0" statements="20" coveredstatements="20" elements="30" coveredelements="30"/>
        </class>
        <line num="20" type="method" name="__construct" visibility="public" complexity="2" crap="2" count="31"/>
        <line num="22" type="stmt" count="31"/>
        <line num="23" type="stmt" count="1"/>
        <line num="25" type="stmt" count="30"/>
        <line num="26" type="stmt" count="30"/>
        <line num="27" type="stmt" count="30"/>
        <line num="32" type="method" name="getAmount" visibility="public" complexity="1" crap="1" count="21"/>
        <line num="34" type="stmt" count="21"/>
        <line num="40" type="method" name="getCurrency" visibility="public" complexity="1" crap="1" count="22"/>
        <line num="42" type="stmt" count="22"/>
        <line num="49" type="method" name="add" visibility="public" complexity="2" crap="2" count="18"/>
        <line num="51" type="stmt" count="18"/>
        <line num="52" type="stmt" count="1"/>
        <line num="54" type="stmt" count="17"/>
        <line num="61" type="method" name="deduct" visibility="public" complexity="2" crap="2" count="13"/>
        <line num="63" type="stmt" count="13"/>
        <line num="64" type="stmt" count="1"/>
        <line num="66" type="stmt" count="12"/>
        <line num="73" type="method" name="isMoreThan" visibility="public" complexity="1" crap="1" count="15"/>
        <line num="75" type="stmt" count="15"/>
        <line num="82" type="method" name="isLessThan" visibility="public" complexity="1" crap="1" count="12"/>
        <line num="84" type="stmt" count="12"/>
        <line num="91" type="method" name="isEqual" visibility="public" complexity="1" crap="1" count="8"/>
        <line num="93" type="stmt" count="8"/>
        <line num="100" type="method" name="compareWith" visibility="private" complexity="2" crap="2" count="16"/>
        <line num="102" type="stmt" count="16"/>
        <line num="103" type="stmt" count="1"/>
        <line num="105" type="stmt" count="15"/>
        <line num="112" type="method" name="newMoney" visibility="private" complexity="1" crap="1" count="17"/>
        <line num="114" type="stmt" count="17"/>
        <metrics loc="116" ncloc="75" classes="1" methods="10" coveredmethods="10" conditionals="0" coveredconditionals="0" statements="20" coveredstatements="20" elements="30" coveredelements="30"/>
      </file>
      <file name="/Users/sorin/workspace/curve/src/Curve/Domain/ValueObject/TransactionStatus.php">
        <class name="TransactionStatus" namespace="Curve\Domain\ValueObject">
          <metrics complexity="6" methods="6" coveredmethods="6" conditionals="0" coveredconditionals="0" statements="7" coveredstatements="7" elements="13" coveredelements="13"/>
        </class>
        <line num="19" type="method" name="__construct" visibility="private" complexity="1" crap="1" count="14"/>
        <line num="21" type="stmt" count="14"/>
        <line num="22" type="stmt" count="14"/>
        <line num="27" type="method" name="authorized" visibility="public" complexity="1" crap="1" count="12"/>
        <line num="29" type="stmt" count="12"/>
        <line num="35" type="method" name="captured" visibility="public" complexity="1" crap="1" count="7"/>
        <line num="37" type="stmt" count="7"/>
        <line num="43" type="method" name="pending" visibility="public" complexity="1" crap="1" count="14"/>
        <line num="45" type="stmt" count="14"/>
        <line num="51" type="method" name="declined" visibility="public" complexity="1" crap="1" count="1"/>
        <line num="53" type="stmt" count="1"/>
        <line num="59" type="method" name="isCaptured" visibility="public" complexity="1" crap="1" count="4"/>
        <line num="61" type="stmt" count="4"/>
        <metrics loc="63" ncloc="43" classes="1" methods="6" coveredmethods="6" conditionals="0" coveredconditionals="0" statements="7" coveredstatements="7" elements="13" coveredelements="13"/>
      </file>
    </package>
    <metrics files="15" loc="1092" ncloc="883" classes="14" methods="76" coveredmethods="63" conditionals="0" coveredconditionals="0" statements="295" coveredstatements="178" elements="371" coveredelements="241"/>
  </project>
</coverage>
